<?xml version="1.0" encoding="UTF-8"?>
<!-- Generated by org.testng.reporters.JUnitXMLReporter -->
<testsuite ignored="1" hostname="DESKTOP-4ORQ45M" failures="0" tests="3" name="Test" time="15.883" errors="0" timestamp="02 Mar 2022 09:33:50 GMT">
  <testcase classname="day5.TestNGExercise1" name="Testcase1" time="0.006"/>
  <testcase classname="day5.TestNGExercise1" name="Testcase2" time="0.004"/>
  <testcase classname="day5.TestNGExercise2" name="LoginTC" time="3.823"/>
  <testcase classname="day5.TestNGExercise2" name="FlightSearchTC" time="0.0">
    <ignored/>
  </testcase> <!-- FlightSearchTC -->
</testsuite> <!-- Test -->
