<?xml version="1.0" encoding="UTF-8"?>
<testng-results ignored="0" total="2" passed="2" failed="0" skipped="0">
  <reporter-output>
  </reporter-output>
  <suite started-at="2022-03-03T12:01:49Z" name="Default suite" finished-at="2022-03-03T12:02:08Z" duration-ms="18859">
    <groups>
    </groups>
    <test started-at="2022-03-03T12:01:49Z" name="Default test" finished-at="2022-03-03T12:02:08Z" duration-ms="18859">
      <class name="day6.pom.tests.LoginTest">
        <test-method is-config="true" signature="beforeClass()[pri:0, instance:day6.pom.tests.LoginTest@4f3bbf68]" started-at="2022-03-03T12:01:49Z" name="beforeClass" finished-at="2022-03-03T12:01:58Z" duration-ms="9128" status="PASS">
          <reporter-output>
          </reporter-output>
        </test-method> <!-- beforeClass -->
        <test-method signature="LoginTc(java.lang.String, java.lang.String)[pri:0, instance:day6.pom.tests.LoginTest@4f3bbf68]" started-at="2022-03-03T12:01:58Z" name="LoginTc" data-provider="data" finished-at="2022-03-03T12:02:04Z" duration-ms="5535" status="PASS">
          <params>
            <param index="0">
              <value>
                <![CDATA[chappidi@gmail.com]]>
              </value>
            </param>
            <param index="1">
              <value>
                <![CDATA[reddy123]]>
              </value>
            </param>
          </params>
          <reporter-output>
          </reporter-output>
        </test-method> <!-- LoginTc -->
        <test-method signature="LoginTc(java.lang.String, java.lang.String)[pri:0, instance:day6.pom.tests.LoginTest@4f3bbf68]" started-at="2022-03-03T12:02:04Z" name="LoginTc" data-provider="data" finished-at="2022-03-03T12:02:08Z" duration-ms="3718" status="PASS">
          <params>
            <param index="0">
              <value>
                <![CDATA[chappidi@gmail.com]]>
              </value>
            </param>
            <param index="1">
              <value>
                <![CDATA[reddy123]]>
              </value>
            </param>
          </params>
          <reporter-output>
          </reporter-output>
        </test-method> <!-- LoginTc -->
        <test-method is-config="true" signature="afterClass()[pri:0, instance:day6.pom.tests.LoginTest@4f3bbf68]" started-at="2022-03-03T12:02:08Z" name="afterClass" finished-at="2022-03-03T12:02:08Z" duration-ms="419" status="PASS">
          <reporter-output>
          </reporter-output>
        </test-method> <!-- afterClass -->
      </class> <!-- day6.pom.tests.LoginTest -->
    </test> <!-- Default test -->
  </suite> <!-- Default suite -->
</testng-results>
